<?xml version="1.0" encoding="UTF-8"?>
<!-- Generated by org.testng.reporters.JUnitXMLReporter -->
<testsuite ignored="2" hostname="TYSS-Anjali" failures="1" tests="1" name="Test" time="19.46" errors="0" timestamp="2024-07-12T14:48:47 IST">
  <testcase classname="com.crm.comcast.contactTest.CreateContactWithExtentReportTest" name="createContact" time="9.261">
    <failure type="java.lang.AssertionError" message="null">
      <![CDATA[java.lang.AssertionError: null
at com.crm.comcast.contactTest.CreateContactWithExtentReportTest.createContact(CreateContactWithExtentReportTest.java:44)
at java.base/java.util.ArrayList.forEach(ArrayList.java:1597)
... Removed 27 stack frames]]>
    </failure>
  </testcase> <!-- createContact -->
  <testcase classname="com.crm.comcast.contactTest.CreateContactWithExtentReportTest" name="createContactWIthOrgTest" time="0.0">
    <ignored/>
  </testcase> <!-- createContactWIthOrgTest -->
  <testcase classname="com.crm.comcast.contactTest.CreateContactWithExtentReportTest" name="createContactWithDate" time="0.0">
    <ignored/>
  </testcase> <!-- createContactWithDate -->
</testsuite> <!-- Test -->
